

Started GET "/" for 143.107.59.254 at 2014-12-11 09:51:48 -0200
Processing by Rails::WelcomeController#index as HTML
  Rendered /home/erin/.rvm/gems/ruby-head/gems/railties-4.1.8/lib/rails/templates/rails/welcome/index.html.erb (8.2ms)
Completed 200 OK in 83ms (Views: 42.7ms | ActiveRecord: 0.0ms)


Started GET "/" for 192.168.1.20 at 2014-12-28 17:29:30 -0200
Processing by Rails::WelcomeController#index as HTML
  Rendered /home/erin/.rvm/gems/ruby-head/gems/railties-4.1.8/lib/rails/templates/rails/welcome/index.html.erb (8.1ms)
Completed 200 OK in 91ms (Views: 42.2ms | ActiveRecord: 0.0ms)


Started GET "/" for 173.252.112.115 at 2014-12-28 17:45:29 -0200
Processing by Rails::WelcomeController#index as */*
  Rendered /home/erin/.rvm/gems/ruby-head/gems/railties-4.1.8/lib/rails/templates/rails/welcome/index.html.erb (2.0ms)
Completed 200 OK in 12ms (Views: 11.8ms | ActiveRecord: 0.0ms)


Started GET "/" for 187.74.240.247 at 2014-12-28 17:45:36 -0200
Processing by Rails::WelcomeController#index as HTML
  Rendered /home/erin/.rvm/gems/ruby-head/gems/railties-4.1.8/lib/rails/templates/rails/welcome/index.html.erb (0.1ms)
Completed 200 OK in 3ms (Views: 2.3ms | ActiveRecord: 0.0ms)


Started GET "/" for 179.111.22.70 at 2015-01-03 18:07:20 -0200
Processing by Rails::WelcomeController#index as HTML
  Rendered /home/erin/.rvm/gems/ruby-head/gems/railties-4.1.8/lib/rails/templates/rails/welcome/index.html.erb (3.9ms)
Completed 200 OK in 87ms (Views: 37.8ms | ActiveRecord: 0.0ms)


Started GET "/" for 192.168.1.20 at 2015-01-03 18:07:54 -0200
Processing by Rails::WelcomeController#index as HTML
  Rendered /home/erin/.rvm/gems/ruby-head/gems/railties-4.1.8/lib/rails/templates/rails/welcome/index.html.erb (0.1ms)
Completed 200 OK in 2ms (Views: 1.7ms | ActiveRecord: 0.0ms)


Started GET "/" for 192.168.1.20 at 2015-01-03 18:13:37 -0200
Processing by WelcomeController#index as HTML
  Rendered welcome/index.html.erb within layouts/application (0.6ms)
Completed 200 OK in 1183ms (Views: 1182.6ms | ActiveRecord: 0.0ms)


Started GET "/assets/welcome.css?body=1" for 192.168.1.20 at 2015-01-03 18:13:39 -0200


Started GET "/assets/jquery.js?body=1" for 192.168.1.20 at 2015-01-03 18:13:39 -0200


Started GET "/assets/jquery_ujs.js?body=1" for 192.168.1.20 at 2015-01-03 18:13:39 -0200


Started GET "/assets/application.css?body=1" for 192.168.1.20 at 2015-01-03 18:13:39 -0200


Started GET "/assets/turbolinks.js?body=1" for 192.168.1.20 at 2015-01-03 18:13:39 -0200


Started GET "/assets/welcome.js?body=1" for 192.168.1.20 at 2015-01-03 18:13:39 -0200


Started GET "/assets/application.js?body=1" for 192.168.1.20 at 2015-01-03 18:13:39 -0200


Started GET "/" for 189.40.37.220 at 2015-01-05 19:32:28 -0200
Processing by WelcomeController#index as HTML
  Rendered welcome/index.html.erb within layouts/application (0.1ms)
Completed 200 OK in 53ms (Views: 52.3ms | ActiveRecord: 0.0ms)


Started GET "/assets/welcome.css?body=1" for 189.40.37.220 at 2015-01-05 19:32:28 -0200


Started GET "/assets/application.css?body=1" for 189.40.37.220 at 2015-01-05 19:32:28 -0200


Started GET "/" for 189.40.37.220 at 2015-01-05 22:46:12 -0200

ActiveRecord::PendingMigrationError (

Migrations are pending. To resolve this issue, run:

	bin/rake db:migrate RAILS_ENV=development

):
  activerecord (4.1.8) lib/active_record/migration.rb:389:in `check_pending!'
  activerecord (4.1.8) lib/active_record/migration.rb:377:in `call'
  actionpack (4.1.8) lib/action_dispatch/middleware/callbacks.rb:29:in `block in call'
  activesupport (4.1.8) lib/active_support/callbacks.rb:82:in `run_callbacks'
  actionpack (4.1.8) lib/action_dispatch/middleware/callbacks.rb:27:in `call'
  actionpack (4.1.8) lib/action_dispatch/middleware/reloader.rb:73:in `call'
  actionpack (4.1.8) lib/action_dispatch/middleware/remote_ip.rb:76:in `call'
  actionpack (4.1.8) lib/action_dispatch/middleware/debug_exceptions.rb:17:in `call'
  actionpack (4.1.8) lib/action_dispatch/middleware/show_exceptions.rb:30:in `call'
  railties (4.1.8) lib/rails/rack/logger.rb:38:in `call_app'
  railties (4.1.8) lib/rails/rack/logger.rb:20:in `block in call'
  activesupport (4.1.8) lib/active_support/tagged_logging.rb:68:in `block in tagged'
  activesupport (4.1.8) lib/active_support/tagged_logging.rb:26:in `tagged'
  activesupport (4.1.8) lib/active_support/tagged_logging.rb:68:in `tagged'
  railties (4.1.8) lib/rails/rack/logger.rb:20:in `call'
  actionpack (4.1.8) lib/action_dispatch/middleware/request_id.rb:21:in `call'
  rack (1.5.2) lib/rack/methodoverride.rb:21:in `call'
  rack (1.5.2) lib/rack/runtime.rb:17:in `call'
  activesupport (4.1.8) lib/active_support/cache/strategy/local_cache_middleware.rb:26:in `call'
  rack (1.5.2) lib/rack/lock.rb:17:in `call'
  actionpack (4.1.8) lib/action_dispatch/middleware/static.rb:84:in `call'
  rack (1.5.2) lib/rack/sendfile.rb:112:in `call'
  railties (4.1.8) lib/rails/engine.rb:514:in `call'
  railties (4.1.8) lib/rails/application.rb:144:in `call'
  rack (1.5.2) lib/rack/lock.rb:17:in `call'
  rack (1.5.2) lib/rack/content_length.rb:14:in `call'
  rack (1.5.2) lib/rack/handler/webrick.rb:60:in `service'
  /home/erin/.rvm/rubies/ruby-head/lib/ruby/2.2.0/webrick/httpserver.rb:138:in `service'
  /home/erin/.rvm/rubies/ruby-head/lib/ruby/2.2.0/webrick/httpserver.rb:94:in `run'
  /home/erin/.rvm/rubies/ruby-head/lib/ruby/2.2.0/webrick/server.rb:294:in `block in start_thread'


  Rendered /home/erin/.rvm/gems/ruby-head/gems/actionpack-4.1.8/lib/action_dispatch/middleware/templates/rescues/_source.erb (1.0ms)
  Rendered /home/erin/.rvm/gems/ruby-head/gems/actionpack-4.1.8/lib/action_dispatch/middleware/templates/rescues/_trace.html.erb (1.9ms)
  Rendered /home/erin/.rvm/gems/ruby-head/gems/actionpack-4.1.8/lib/action_dispatch/middleware/templates/rescues/_request_and_response.html.erb (1.6ms)
  Rendered /home/erin/.rvm/gems/ruby-head/gems/actionpack-4.1.8/lib/action_dispatch/middleware/templates/rescues/diagnostics.erb within rescues/layout (43.2ms)
  [1m[36m (174.0ms)[0m  [1mCREATE TABLE "schema_migrations" ("version" varchar(255) NOT NULL) [0m
  [1m[35m (0.2ms)[0m  select sqlite_version(*)
  [1m[36m (99.7ms)[0m  [1mCREATE UNIQUE INDEX "unique_schema_migrations" ON "schema_migrations" ("version")[0m
  [1m[35mActiveRecord::SchemaMigration Load (0.2ms)[0m  SELECT "schema_migrations".* FROM "schema_migrations"
Migrating to CreateBlog (20150106004530)
  [1m[36m (0.1ms)[0m  [1mbegin transaction[0m
  [1m[35m (0.7ms)[0m  CREATE TABLE "blogs" ("id" INTEGER PRIMARY KEY AUTOINCREMENT NOT NULL, "title" varchar(255), "description" varchar(255), "favicon" varchar(255), "stylesheet" varchar(255)) 
  [1m[36mSQL (0.3ms)[0m  [1mINSERT INTO "schema_migrations" ("version") VALUES (?)[0m  [["version", "20150106004530"]]
  [1m[35m (97.3ms)[0m  commit transaction
Migrating to CreatePosts (20150106022847)
  [1m[36m (0.1ms)[0m  [1mbegin transaction[0m
  [1m[35m (0.1ms)[0m  rollback transaction
  [1m[36mActiveRecord::SchemaMigration Load (0.2ms)[0m  [1mSELECT "schema_migrations".* FROM "schema_migrations"[0m
Migrating to CreatePosts (20150106022847)
  [1m[35m (0.2ms)[0m  begin transaction
  [1m[36m (0.6ms)[0m  [1mCREATE TABLE "posts" ("id" INTEGER PRIMARY KEY AUTOINCREMENT NOT NULL, "title" varchar(255), "content" varchar(255), "date" datetime, "blog_id" integer) [0m
  [1m[35m (0.3ms)[0m  rollback transaction
  [1m[36mActiveRecord::SchemaMigration Load (0.2ms)[0m  [1mSELECT "schema_migrations".* FROM "schema_migrations"[0m
Migrating to CreatePosts (20150106022847)
  [1m[35m (0.2ms)[0m  begin transaction
  [1m[36m (0.7ms)[0m  [1mCREATE TABLE "posts" ("id" INTEGER PRIMARY KEY AUTOINCREMENT NOT NULL, "title" varchar(255), "content" varchar(255), "date" datetime, "blog_id" integer) [0m
  [1m[35mSQL (0.3ms)[0m  INSERT INTO "schema_migrations" ("version") VALUES (?)  [["version", "20150106022847"]]
  [1m[36m (137.4ms)[0m  [1mcommit transaction[0m
Migrating to CreateTags (20150106030043)
  [1m[35m (0.1ms)[0m  begin transaction
  [1m[36m (0.5ms)[0m  [1mCREATE TABLE "tags" ("id" INTEGER PRIMARY KEY AUTOINCREMENT NOT NULL, "label" varchar(255), "post_id" integer) [0m
  [1m[35mSQL (0.2ms)[0m  INSERT INTO "schema_migrations" ("version") VALUES (?)  [["version", "20150106030043"]]
  [1m[36m (96.8ms)[0m  [1mcommit transaction[0m
Migrating to CreateComments (20150106030048)
  [1m[35m (0.1ms)[0m  begin transaction
  [1m[36m (0.5ms)[0m  [1mCREATE TABLE "comments" ("id" INTEGER PRIMARY KEY AUTOINCREMENT NOT NULL, "author" varchar(255), "content" varchar(255), "date" datetime, "post_id" integer) [0m
  [1m[35mSQL (0.2ms)[0m  INSERT INTO "schema_migrations" ("version") VALUES (?)  [["version", "20150106030048"]]
  [1m[36m (96.5ms)[0m  [1mcommit transaction[0m
  [1m[35mActiveRecord::SchemaMigration Load (0.3ms)[0m  SELECT "schema_migrations".* FROM "schema_migrations"


Started GET "/" for 189.40.37.220 at 2015-01-06 03:01:40 -0200

LoadError (cannot load such file -- /srv/YARBB/config/routes.rb):
  activesupport (4.1.8) lib/active_support/dependencies.rb:241:in `load'
  activesupport (4.1.8) lib/active_support/dependencies.rb:241:in `block in load'
  activesupport (4.1.8) lib/active_support/dependencies.rb:232:in `load_dependency'
  activesupport (4.1.8) lib/active_support/dependencies.rb:241:in `load'
  railties (4.1.8) lib/rails/application/routes_reloader.rb:40:in `block in load_paths'
  railties (4.1.8) lib/rails/application/routes_reloader.rb:40:in `each'
  railties (4.1.8) lib/rails/application/routes_reloader.rb:40:in `load_paths'
  railties (4.1.8) lib/rails/application/routes_reloader.rb:16:in `reload!'
  railties (4.1.8) lib/rails/application/routes_reloader.rb:26:in `block in updater'
  activesupport (4.1.8) lib/active_support/file_update_checker.rb:75:in `call'
  activesupport (4.1.8) lib/active_support/file_update_checker.rb:75:in `execute'
  railties (4.1.8) lib/rails/application/routes_reloader.rb:7:in `execute'
  railties (4.1.8) lib/rails/application/finisher.rb:83:in `block (2 levels) in <module:Finisher>'
  activesupport (4.1.8) lib/active_support/callbacks.rb:438:in `instance_exec'
  activesupport (4.1.8) lib/active_support/callbacks.rb:438:in `block in make_lambda'
  activesupport (4.1.8) lib/active_support/callbacks.rb:184:in `call'
  activesupport (4.1.8) lib/active_support/callbacks.rb:184:in `block in simple'
  activesupport (4.1.8) lib/active_support/callbacks.rb:185:in `call'
  activesupport (4.1.8) lib/active_support/callbacks.rb:185:in `block in simple'
  activesupport (4.1.8) lib/active_support/callbacks.rb:185:in `call'
  activesupport (4.1.8) lib/active_support/callbacks.rb:185:in `block in simple'
  activesupport (4.1.8) lib/active_support/callbacks.rb:86:in `call'
  activesupport (4.1.8) lib/active_support/callbacks.rb:86:in `run_callbacks'
  actionpack (4.1.8) lib/action_dispatch/middleware/reloader.rb:83:in `prepare!'
  actionpack (4.1.8) lib/action_dispatch/middleware/reloader.rb:71:in `call'
  actionpack (4.1.8) lib/action_dispatch/middleware/remote_ip.rb:76:in `call'
  actionpack (4.1.8) lib/action_dispatch/middleware/debug_exceptions.rb:17:in `call'
  actionpack (4.1.8) lib/action_dispatch/middleware/show_exceptions.rb:30:in `call'
  railties (4.1.8) lib/rails/rack/logger.rb:38:in `call_app'
  railties (4.1.8) lib/rails/rack/logger.rb:20:in `block in call'
  activesupport (4.1.8) lib/active_support/tagged_logging.rb:68:in `block in tagged'
  activesupport (4.1.8) lib/active_support/tagged_logging.rb:26:in `tagged'
  activesupport (4.1.8) lib/active_support/tagged_logging.rb:68:in `tagged'
  railties (4.1.8) lib/rails/rack/logger.rb:20:in `call'
  actionpack (4.1.8) lib/action_dispatch/middleware/request_id.rb:21:in `call'
  rack (1.5.2) lib/rack/methodoverride.rb:21:in `call'
  rack (1.5.2) lib/rack/runtime.rb:17:in `call'
  activesupport (4.1.8) lib/active_support/cache/strategy/local_cache_middleware.rb:26:in `call'
  rack (1.5.2) lib/rack/lock.rb:17:in `call'
  actionpack (4.1.8) lib/action_dispatch/middleware/static.rb:84:in `call'
  rack (1.5.2) lib/rack/sendfile.rb:112:in `call'
  railties (4.1.8) lib/rails/engine.rb:514:in `call'
  railties (4.1.8) lib/rails/application.rb:144:in `call'
  rack (1.5.2) lib/rack/lock.rb:17:in `call'
  rack (1.5.2) lib/rack/content_length.rb:14:in `call'
  rack (1.5.2) lib/rack/handler/webrick.rb:60:in `service'
  /home/erin/.rvm/rubies/ruby-head/lib/ruby/2.2.0/webrick/httpserver.rb:138:in `service'
  /home/erin/.rvm/rubies/ruby-head/lib/ruby/2.2.0/webrick/httpserver.rb:94:in `run'
  /home/erin/.rvm/rubies/ruby-head/lib/ruby/2.2.0/webrick/server.rb:294:in `block in start_thread'


  Rendered /home/erin/.rvm/gems/ruby-head/gems/actionpack-4.1.8/lib/action_dispatch/middleware/templates/rescues/_source.erb (1.0ms)
  Rendered /home/erin/.rvm/gems/ruby-head/gems/actionpack-4.1.8/lib/action_dispatch/middleware/templates/rescues/_trace.html.erb (2.0ms)
  Rendered /home/erin/.rvm/gems/ruby-head/gems/actionpack-4.1.8/lib/action_dispatch/middleware/templates/rescues/_request_and_response.html.erb (1.7ms)
  Rendered /home/erin/.rvm/gems/ruby-head/gems/actionpack-4.1.8/lib/action_dispatch/middleware/templates/rescues/diagnostics.erb within rescues/layout (44.8ms)


Started GET "/favicon.ico" for 189.40.37.220 at 2015-01-06 03:01:40 -0200

ActiveRecord::NoDatabaseError (No such file or directory @ dir_s_mkdir - /srv/YARBB/dbRun `$ bin/rake db:create db:migrate` to create your database):
  activerecord (4.1.8) lib/active_record/connection_adapters/sqlite3_adapter.rb:36:in `rescue in sqlite3_connection'
  activerecord (4.1.8) lib/active_record/connection_adapters/sqlite3_adapter.rb:13:in `sqlite3_connection'
  activerecord (4.1.8) lib/active_record/connection_adapters/abstract/connection_pool.rb:435:in `new_connection'
  activerecord (4.1.8) lib/active_record/connection_adapters/abstract/connection_pool.rb:445:in `checkout_new_connection'
  activerecord (4.1.8) lib/active_record/connection_adapters/abstract/connection_pool.rb:416:in `acquire_connection'
  activerecord (4.1.8) lib/active_record/connection_adapters/abstract/connection_pool.rb:351:in `block in checkout'
  /home/erin/.rvm/rubies/ruby-head/lib/ruby/2.2.0/monitor.rb:211:in `mon_synchronize'
  activerecord (4.1.8) lib/active_record/connection_adapters/abstract/connection_pool.rb:350:in `checkout'
  activerecord (4.1.8) lib/active_record/connection_adapters/abstract/connection_pool.rb:265:in `block in connection'
  /home/erin/.rvm/rubies/ruby-head/lib/ruby/2.2.0/monitor.rb:211:in `mon_synchronize'
  activerecord (4.1.8) lib/active_record/connection_adapters/abstract/connection_pool.rb:264:in `connection'
  activerecord (4.1.8) lib/active_record/connection_adapters/abstract/connection_pool.rb:541:in `retrieve_connection'
  activerecord (4.1.8) lib/active_record/connection_handling.rb:113:in `retrieve_connection'
  activerecord (4.1.8) lib/active_record/connection_handling.rb:87:in `connection'
  activerecord (4.1.8) lib/active_record/migration.rb:388:in `check_pending!'
  activerecord (4.1.8) lib/active_record/migration.rb:377:in `call'
  actionpack (4.1.8) lib/action_dispatch/middleware/callbacks.rb:29:in `block in call'
  activesupport (4.1.8) lib/active_support/callbacks.rb:82:in `run_callbacks'
  actionpack (4.1.8) lib/action_dispatch/middleware/callbacks.rb:27:in `call'
  actionpack (4.1.8) lib/action_dispatch/middleware/reloader.rb:73:in `call'
  actionpack (4.1.8) lib/action_dispatch/middleware/remote_ip.rb:76:in `call'
  actionpack (4.1.8) lib/action_dispatch/middleware/debug_exceptions.rb:17:in `call'
  actionpack (4.1.8) lib/action_dispatch/middleware/show_exceptions.rb:30:in `call'
  railties (4.1.8) lib/rails/rack/logger.rb:38:in `call_app'
  railties (4.1.8) lib/rails/rack/logger.rb:20:in `block in call'
  activesupport (4.1.8) lib/active_support/tagged_logging.rb:68:in `block in tagged'
  activesupport (4.1.8) lib/active_support/tagged_logging.rb:26:in `tagged'
  activesupport (4.1.8) lib/active_support/tagged_logging.rb:68:in `tagged'
  railties (4.1.8) lib/rails/rack/logger.rb:20:in `call'
  actionpack (4.1.8) lib/action_dispatch/middleware/request_id.rb:21:in `call'
  rack (1.5.2) lib/rack/methodoverride.rb:21:in `call'
  rack (1.5.2) lib/rack/runtime.rb:17:in `call'
  activesupport (4.1.8) lib/active_support/cache/strategy/local_cache_middleware.rb:26:in `call'
  rack (1.5.2) lib/rack/lock.rb:17:in `call'
  actionpack (4.1.8) lib/action_dispatch/middleware/static.rb:84:in `call'
  rack (1.5.2) lib/rack/sendfile.rb:112:in `call'
  railties (4.1.8) lib/rails/engine.rb:514:in `call'
  railties (4.1.8) lib/rails/application.rb:144:in `call'
  rack (1.5.2) lib/rack/lock.rb:17:in `call'
  rack (1.5.2) lib/rack/content_length.rb:14:in `call'
  rack (1.5.2) lib/rack/handler/webrick.rb:60:in `service'
  /home/erin/.rvm/rubies/ruby-head/lib/ruby/2.2.0/webrick/httpserver.rb:138:in `service'
  /home/erin/.rvm/rubies/ruby-head/lib/ruby/2.2.0/webrick/httpserver.rb:94:in `run'
  /home/erin/.rvm/rubies/ruby-head/lib/ruby/2.2.0/webrick/server.rb:294:in `block in start_thread'


  Rendered /home/erin/.rvm/gems/ruby-head/gems/actionpack-4.1.8/lib/action_dispatch/middleware/templates/rescues/_source.erb (1.0ms)
  Rendered /home/erin/.rvm/gems/ruby-head/gems/actionpack-4.1.8/lib/action_dispatch/middleware/templates/rescues/_trace.html.erb (2.0ms)
  Rendered /home/erin/.rvm/gems/ruby-head/gems/actionpack-4.1.8/lib/action_dispatch/middleware/templates/rescues/_request_and_response.html.erb (1.6ms)
  Rendered /home/erin/.rvm/gems/ruby-head/gems/actionpack-4.1.8/lib/action_dispatch/middleware/templates/rescues/diagnostics.erb within rescues/layout (27.8ms)


Started GET "/favicon.ico" for 189.40.37.220 at 2015-01-06 03:01:40 -0200

ActiveRecord::NoDatabaseError (No such file or directory @ dir_s_mkdir - /srv/YARBB/dbRun `$ bin/rake db:create db:migrate` to create your database):
  activerecord (4.1.8) lib/active_record/connection_adapters/sqlite3_adapter.rb:36:in `rescue in sqlite3_connection'
  activerecord (4.1.8) lib/active_record/connection_adapters/sqlite3_adapter.rb:13:in `sqlite3_connection'
  activerecord (4.1.8) lib/active_record/connection_adapters/abstract/connection_pool.rb:435:in `new_connection'
  activerecord (4.1.8) lib/active_record/connection_adapters/abstract/connection_pool.rb:445:in `checkout_new_connection'
  activerecord (4.1.8) lib/active_record/connection_adapters/abstract/connection_pool.rb:416:in `acquire_connection'
  activerecord (4.1.8) lib/active_record/connection_adapters/abstract/connection_pool.rb:351:in `block in checkout'
  /home/erin/.rvm/rubies/ruby-head/lib/ruby/2.2.0/monitor.rb:211:in `mon_synchronize'
  activerecord (4.1.8) lib/active_record/connection_adapters/abstract/connection_pool.rb:350:in `checkout'
  activerecord (4.1.8) lib/active_record/connection_adapters/abstract/connection_pool.rb:265:in `block in connection'
  /home/erin/.rvm/rubies/ruby-head/lib/ruby/2.2.0/monitor.rb:211:in `mon_synchronize'
  activerecord (4.1.8) lib/active_record/connection_adapters/abstract/connection_pool.rb:264:in `connection'
  activerecord (4.1.8) lib/active_record/connection_adapters/abstract/connection_pool.rb:541:in `retrieve_connection'
  activerecord (4.1.8) lib/active_record/connection_handling.rb:113:in `retrieve_connection'
  activerecord (4.1.8) lib/active_record/connection_handling.rb:87:in `connection'
  activerecord (4.1.8) lib/active_record/migration.rb:388:in `check_pending!'
  activerecord (4.1.8) lib/active_record/migration.rb:377:in `call'
  actionpack (4.1.8) lib/action_dispatch/middleware/callbacks.rb:29:in `block in call'
  activesupport (4.1.8) lib/active_support/callbacks.rb:82:in `run_callbacks'
  actionpack (4.1.8) lib/action_dispatch/middleware/callbacks.rb:27:in `call'
  actionpack (4.1.8) lib/action_dispatch/middleware/reloader.rb:73:in `call'
  actionpack (4.1.8) lib/action_dispatch/middleware/remote_ip.rb:76:in `call'
  actionpack (4.1.8) lib/action_dispatch/middleware/debug_exceptions.rb:17:in `call'
  actionpack (4.1.8) lib/action_dispatch/middleware/show_exceptions.rb:30:in `call'
  railties (4.1.8) lib/rails/rack/logger.rb:38:in `call_app'
  railties (4.1.8) lib/rails/rack/logger.rb:20:in `block in call'
  activesupport (4.1.8) lib/active_support/tagged_logging.rb:68:in `block in tagged'
  activesupport (4.1.8) lib/active_support/tagged_logging.rb:26:in `tagged'
  activesupport (4.1.8) lib/active_support/tagged_logging.rb:68:in `tagged'
  railties (4.1.8) lib/rails/rack/logger.rb:20:in `call'
  actionpack (4.1.8) lib/action_dispatch/middleware/request_id.rb:21:in `call'
  rack (1.5.2) lib/rack/methodoverride.rb:21:in `call'
  rack (1.5.2) lib/rack/runtime.rb:17:in `call'
  activesupport (4.1.8) lib/active_support/cache/strategy/local_cache_middleware.rb:26:in `call'
  rack (1.5.2) lib/rack/lock.rb:17:in `call'
  actionpack (4.1.8) lib/action_dispatch/middleware/static.rb:84:in `call'
  rack (1.5.2) lib/rack/sendfile.rb:112:in `call'
  railties (4.1.8) lib/rails/engine.rb:514:in `call'
  railties (4.1.8) lib/rails/application.rb:144:in `call'
  rack (1.5.2) lib/rack/lock.rb:17:in `call'
  rack (1.5.2) lib/rack/content_length.rb:14:in `call'
  rack (1.5.2) lib/rack/handler/webrick.rb:60:in `service'
  /home/erin/.rvm/rubies/ruby-head/lib/ruby/2.2.0/webrick/httpserver.rb:138:in `service'
  /home/erin/.rvm/rubies/ruby-head/lib/ruby/2.2.0/webrick/httpserver.rb:94:in `run'
  /home/erin/.rvm/rubies/ruby-head/lib/ruby/2.2.0/webrick/server.rb:294:in `block in start_thread'


  Rendered /home/erin/.rvm/gems/ruby-head/gems/actionpack-4.1.8/lib/action_dispatch/middleware/templates/rescues/_source.erb (1.0ms)
  Rendered /home/erin/.rvm/gems/ruby-head/gems/actionpack-4.1.8/lib/action_dispatch/middleware/templates/rescues/_trace.html.erb (2.0ms)
  Rendered /home/erin/.rvm/gems/ruby-head/gems/actionpack-4.1.8/lib/action_dispatch/middleware/templates/rescues/_request_and_response.html.erb (1.6ms)
  Rendered /home/erin/.rvm/gems/ruby-head/gems/actionpack-4.1.8/lib/action_dispatch/middleware/templates/rescues/diagnostics.erb within rescues/layout (27.5ms)


Started GET "/" for 189.40.37.220 at 2015-01-06 03:02:09 -0200
  [1m[36mActiveRecord::SchemaMigration Load (0.3ms)[0m  [1mSELECT "schema_migrations".* FROM "schema_migrations"[0m
Processing by WelcomeController#index as HTML
  Rendered welcome/index.html.erb within layouts/application (2.5ms)
Completed 200 OK in 195ms (Views: 165.6ms | ActiveRecord: 0.0ms)


Started GET "/assets/welcome.css?body=1" for 189.40.37.220 at 2015-01-06 03:02:09 -0200


Started GET "/assets/jquery.js?body=1" for 189.40.37.220 at 2015-01-06 03:02:10 -0200


Started GET "/assets/application.css?body=1" for 189.40.37.220 at 2015-01-06 03:02:10 -0200


Started GET "/assets/jquery_ujs.js?body=1" for 189.40.37.220 at 2015-01-06 03:02:10 -0200


Started GET "/assets/turbolinks.js?body=1" for 189.40.37.220 at 2015-01-06 03:02:10 -0200


Started GET "/assets/welcome.js?body=1" for 189.40.37.220 at 2015-01-06 03:02:10 -0200


Started GET "/assets/application.js?body=1" for 189.40.37.220 at 2015-01-06 03:02:10 -0200


Started GET "/" for 189.40.37.220 at 2015-01-06 20:31:32 -0200
Processing by WelcomeController#index as HTML
  Rendered welcome/index.html.erb within layouts/application (0.1ms)
Completed 200 OK in 53ms (Views: 52.4ms | ActiveRecord: 0.0ms)


Started GET "/assets/welcome.css?body=1" for 189.40.37.220 at 2015-01-06 20:31:33 -0200


Started GET "/assets/application.css?body=1" for 189.40.37.220 at 2015-01-06 20:31:33 -0200


Started GET "/" for 189.40.37.220 at 2015-01-06 22:11:15 -0200
  [1m[35mActiveRecord::SchemaMigration Load (0.2ms)[0m  SELECT "schema_migrations".* FROM "schema_migrations"
Processing by WelcomeController#index as HTML
  Rendered welcome/index.html.erb within layouts/application (0.6ms)
Completed 500 Internal Server Error in 31ms

LoadError (cannot load such file -- action_view/template/error):
  actionview (4.1.8) lib/action_view/template.rb:311:in `handle_render_error'
  actionview (4.1.8) lib/action_view/template.rb:148:in `rescue in render'
  actionview (4.1.8) lib/action_view/template.rb:143:in `render'
  actionview (4.1.8) lib/action_view/renderer/template_renderer.rb:67:in `render_with_layout'
  actionview (4.1.8) lib/action_view/renderer/template_renderer.rb:53:in `render_template'
  actionview (4.1.8) lib/action_view/renderer/template_renderer.rb:17:in `render'
  actionview (4.1.8) lib/action_view/renderer/renderer.rb:42:in `render_template'
  actionview (4.1.8) lib/action_view/renderer/renderer.rb:23:in `render'
  actionview (4.1.8) lib/action_view/rendering.rb:99:in `_render_template'
  actionpack (4.1.8) lib/action_controller/metal/streaming.rb:217:in `_render_template'
  actionview (4.1.8) lib/action_view/rendering.rb:82:in `render_to_body'
  actionpack (4.1.8) lib/action_controller/metal/rendering.rb:32:in `render_to_body'
  actionpack (4.1.8) lib/action_controller/metal/renderers.rb:32:in `render_to_body'
  actionpack (4.1.8) lib/abstract_controller/rendering.rb:25:in `render'
  actionpack (4.1.8) lib/action_controller/metal/rendering.rb:16:in `render'
  actionpack (4.1.8) lib/action_controller/metal/instrumentation.rb:41:in `block (2 levels) in render'
  activesupport (4.1.8) lib/active_support/core_ext/benchmark.rb:12:in `block in ms'
  /home/erin/.rvm/rubies/ruby-head/lib/ruby/2.2.0/benchmark.rb:303:in `realtime'
  activesupport (4.1.8) lib/active_support/core_ext/benchmark.rb:12:in `ms'
  actionpack (4.1.8) lib/action_controller/metal/instrumentation.rb:41:in `block in render'
  actionpack (4.1.8) lib/action_controller/metal/instrumentation.rb:84:in `cleanup_view_runtime'
  activerecord (4.1.8) lib/active_record/railties/controller_runtime.rb:25:in `cleanup_view_runtime'
  actionpack (4.1.8) lib/action_controller/metal/instrumentation.rb:40:in `render'
  actionpack (4.1.8) lib/action_controller/metal/implicit_render.rb:10:in `default_render'
  actionpack (4.1.8) lib/action_controller/metal/implicit_render.rb:5:in `send_action'
  actionpack (4.1.8) lib/abstract_controller/base.rb:189:in `process_action'
  actionpack (4.1.8) lib/action_controller/metal/rendering.rb:10:in `process_action'
  actionpack (4.1.8) lib/abstract_controller/callbacks.rb:20:in `block in process_action'
  activesupport (4.1.8) lib/active_support/callbacks.rb:113:in `call'
  activesupport (4.1.8) lib/active_support/callbacks.rb:113:in `call'
  activesupport (4.1.8) lib/active_support/callbacks.rb:229:in `block in halting'
  activesupport (4.1.8) lib/active_support/callbacks.rb:229:in `call'
  activesupport (4.1.8) lib/active_support/callbacks.rb:229:in `block in halting'
  activesupport (4.1.8) lib/active_support/callbacks.rb:166:in `call'
  activesupport (4.1.8) lib/active_support/callbacks.rb:166:in `block in halting'
  activesupport (4.1.8) lib/active_support/callbacks.rb:166:in `call'
  activesupport (4.1.8) lib/active_support/callbacks.rb:166:in `block in halting'
  activesupport (4.1.8) lib/active_support/callbacks.rb:166:in `call'
  activesupport (4.1.8) lib/active_support/callbacks.rb:166:in `block in halting'
  activesupport (4.1.8) lib/active_support/callbacks.rb:86:in `call'
  activesupport (4.1.8) lib/active_support/callbacks.rb:86:in `run_callbacks'
  actionpack (4.1.8) lib/abstract_controller/callbacks.rb:19:in `process_action'
  actionpack (4.1.8) lib/action_controller/metal/rescue.rb:29:in `process_action'
  actionpack (4.1.8) lib/action_controller/metal/instrumentation.rb:31:in `block in process_action'
  activesupport (4.1.8) lib/active_support/notifications.rb:159:in `block in instrument'
  activesupport (4.1.8) lib/active_support/notifications/instrumenter.rb:20:in `instrument'
  activesupport (4.1.8) lib/active_support/notifications.rb:159:in `instrument'
  actionpack (4.1.8) lib/action_controller/metal/instrumentation.rb:30:in `process_action'
  actionpack (4.1.8) lib/action_controller/metal/params_wrapper.rb:250:in `process_action'
  activerecord (4.1.8) lib/active_record/railties/controller_runtime.rb:18:in `process_action'
  actionpack (4.1.8) lib/abstract_controller/base.rb:136:in `process'
  actionview (4.1.8) lib/action_view/rendering.rb:30:in `process'
  actionpack (4.1.8) lib/action_controller/metal.rb:196:in `dispatch'
  actionpack (4.1.8) lib/action_controller/metal/rack_delegation.rb:13:in `dispatch'
  actionpack (4.1.8) lib/action_controller/metal.rb:232:in `block in action'
  actionpack (4.1.8) lib/action_dispatch/routing/route_set.rb:82:in `call'
  actionpack (4.1.8) lib/action_dispatch/routing/route_set.rb:82:in `dispatch'
  actionpack (4.1.8) lib/action_dispatch/routing/route_set.rb:50:in `call'
  actionpack (4.1.8) lib/action_dispatch/journey/router.rb:73:in `block in call'
  actionpack (4.1.8) lib/action_dispatch/journey/router.rb:59:in `each'
  actionpack (4.1.8) lib/action_dispatch/journey/router.rb:59:in `call'
  actionpack (4.1.8) lib/action_dispatch/routing/route_set.rb:678:in `call'
  rack (1.5.2) lib/rack/etag.rb:23:in `call'
  rack (1.5.2) lib/rack/conditionalget.rb:25:in `call'
  rack (1.5.2) lib/rack/head.rb:11:in `call'
  actionpack (4.1.8) lib/action_dispatch/middleware/params_parser.rb:27:in `call'
  actionpack (4.1.8) lib/action_dispatch/middleware/flash.rb:254:in `call'
  rack (1.5.2) lib/rack/session/abstract/id.rb:225:in `context'
  rack (1.5.2) lib/rack/session/abstract/id.rb:220:in `call'
  actionpack (4.1.8) lib/action_dispatch/middleware/cookies.rb:560:in `call'
  activerecord (4.1.8) lib/active_record/query_cache.rb:36:in `call'
  activerecord (4.1.8) lib/active_record/connection_adapters/abstract/connection_pool.rb:621:in `call'
  activerecord (4.1.8) lib/active_record/migration.rb:380:in `call'
  actionpack (4.1.8) lib/action_dispatch/middleware/callbacks.rb:29:in `block in call'
  activesupport (4.1.8) lib/active_support/callbacks.rb:82:in `run_callbacks'
  actionpack (4.1.8) lib/action_dispatch/middleware/callbacks.rb:27:in `call'
  actionpack (4.1.8) lib/action_dispatch/middleware/reloader.rb:73:in `call'
  actionpack (4.1.8) lib/action_dispatch/middleware/remote_ip.rb:76:in `call'
  actionpack (4.1.8) lib/action_dispatch/middleware/debug_exceptions.rb:17:in `call'
  actionpack (4.1.8) lib/action_dispatch/middleware/show_exceptions.rb:30:in `call'
  railties (4.1.8) lib/rails/rack/logger.rb:38:in `call_app'
  railties (4.1.8) lib/rails/rack/logger.rb:20:in `block in call'
  activesupport (4.1.8) lib/active_support/tagged_logging.rb:68:in `block in tagged'
  activesupport (4.1.8) lib/active_support/tagged_logging.rb:26:in `tagged'
  activesupport (4.1.8) lib/active_support/tagged_logging.rb:68:in `tagged'
  railties (4.1.8) lib/rails/rack/logger.rb:20:in `call'
  actionpack (4.1.8) lib/action_dispatch/middleware/request_id.rb:21:in `call'
  rack (1.5.2) lib/rack/methodoverride.rb:21:in `call'
  rack (1.5.2) lib/rack/runtime.rb:17:in `call'
  activesupport (4.1.8) lib/active_support/cache/strategy/local_cache_middleware.rb:26:in `call'
  rack (1.5.2) lib/rack/lock.rb:17:in `call'
  actionpack (4.1.8) lib/action_dispatch/middleware/static.rb:84:in `call'
  rack (1.5.2) lib/rack/sendfile.rb:112:in `call'
  railties (4.1.8) lib/rails/engine.rb:514:in `call'
  railties (4.1.8) lib/rails/application.rb:144:in `call'
  rack (1.5.2) lib/rack/lock.rb:17:in `call'
  rack (1.5.2) lib/rack/content_length.rb:14:in `call'
  rack (1.5.2) lib/rack/handler/webrick.rb:60:in `service'
  /home/erin/.rvm/rubies/ruby-head/lib/ruby/2.2.0/webrick/httpserver.rb:138:in `service'
  /home/erin/.rvm/rubies/ruby-head/lib/ruby/2.2.0/webrick/httpserver.rb:94:in `run'
  /home/erin/.rvm/rubies/ruby-head/lib/ruby/2.2.0/webrick/server.rb:294:in `block in start_thread'


  [1m[36mActiveRecord::SchemaMigration Load (0.3ms)[0m  [1mSELECT "schema_migrations".* FROM "schema_migrations"[0m
  [1m[35mActiveRecord::SchemaMigration Load (0.2ms)[0m  SELECT "schema_migrations".* FROM "schema_migrations"


Started GET "/" for 189.40.37.220 at 2015-01-06 23:03:06 -0200
  [1m[36mActiveRecord::SchemaMigration Load (0.3ms)[0m  [1mSELECT "schema_migrations".* FROM "schema_migrations"[0m
Processing by WelcomeController#index as HTML
  Rendered welcome/index.html.erb within layouts/application (2.5ms)
Completed 200 OK in 159ms (Views: 129.1ms | ActiveRecord: 0.0ms)


Started GET "/assets/welcome.css?body=1" for 189.40.37.220 at 2015-01-06 23:03:07 -0200


Started GET "/assets/welcome.js?body=1" for 189.40.37.220 at 2015-01-06 23:03:07 -0200


Started GET "/assets/application.css?body=1" for 189.40.37.220 at 2015-01-06 23:03:07 -0200


Started GET "/assets/jquery.js?body=1" for 189.40.37.220 at 2015-01-06 23:03:07 -0200


Started GET "/assets/jquery_ujs.js?body=1" for 189.40.37.220 at 2015-01-06 23:03:07 -0200


Started GET "/assets/turbolinks.js?body=1" for 189.40.37.220 at 2015-01-06 23:03:07 -0200


Started GET "/assets/application.js?body=1" for 189.40.37.220 at 2015-01-06 23:03:07 -0200


Started GET "/" for 189.40.37.220 at 2015-01-06 23:03:16 -0200
Processing by WelcomeController#index as HTML
  Rendered welcome/index.html.erb within layouts/application (0.1ms)
Completed 200 OK in 54ms (Views: 53.2ms | ActiveRecord: 0.0ms)


Started GET "/assets/welcome.css?body=1" for 189.40.37.220 at 2015-01-06 23:03:16 -0200


Started GET "/assets/application.css?body=1" for 189.40.37.220 at 2015-01-06 23:03:16 -0200


Started GET "/" for 189.40.37.220 at 2015-01-06 23:03:23 -0200
Processing by WelcomeController#index as HTML
  Rendered welcome/index.html.erb within layouts/application (0.1ms)
Completed 200 OK in 55ms (Views: 54.4ms | ActiveRecord: 0.0ms)


Started GET "/assets/welcome.css?body=1" for 189.40.37.220 at 2015-01-06 23:03:24 -0200


Started GET "/assets/application.css?body=1" for 189.40.37.220 at 2015-01-06 23:03:24 -0200


Started GET "/" for 189.40.37.220 at 2015-01-06 23:03:41 -0200
Processing by WelcomeController#index as HTML
  Rendered welcome/index.html.erb within layouts/application (0.1ms)
Completed 200 OK in 69ms (Views: 68.3ms | ActiveRecord: 0.0ms)


Started GET "/assets/welcome.css?body=1" for 189.40.37.220 at 2015-01-06 23:03:41 -0200


Started GET "/assets/application.css?body=1" for 189.40.37.220 at 2015-01-06 23:03:41 -0200


Started GET "/" for 189.40.37.220 at 2015-01-06 23:05:11 -0200
Processing by WelcomeController#index as HTML
  Rendered welcome/index.html.erb within layouts/application (0.1ms)
Completed 200 OK in 56ms (Views: 55.7ms | ActiveRecord: 0.0ms)


Started GET "/assets/welcome.css?body=1" for 189.40.37.220 at 2015-01-06 23:05:11 -0200


Started GET "/assets/application.css?body=1" for 189.40.37.220 at 2015-01-06 23:05:11 -0200


Started GET "/" for 189.40.37.220 at 2015-01-06 23:05:11 -0200
Processing by WelcomeController#index as HTML
  Rendered welcome/index.html.erb within layouts/application (0.1ms)
Completed 200 OK in 54ms (Views: 53.7ms | ActiveRecord: 0.0ms)


Started GET "/assets/welcome.css?body=1" for 189.40.37.220 at 2015-01-06 23:05:11 -0200


Started GET "/assets/application.css?body=1" for 189.40.37.220 at 2015-01-06 23:05:11 -0200


Started GET "/" for 198.20.69.98 at 2015-01-07 01:30:15 -0200
Processing by WelcomeController#index as HTML
  Rendered welcome/index.html.erb within layouts/application (0.1ms)
Completed 500 Internal Server Error in 38ms

LoadError (cannot load such file -- action_view/template/error):
  actionview (4.1.8) lib/action_view/template.rb:311:in `handle_render_error'
  actionview (4.1.8) lib/action_view/template.rb:148:in `rescue in render'
  actionview (4.1.8) lib/action_view/template.rb:143:in `render'
  actionview (4.1.8) lib/action_view/renderer/template_renderer.rb:67:in `render_with_layout'
  actionview (4.1.8) lib/action_view/renderer/template_renderer.rb:53:in `render_template'
  actionview (4.1.8) lib/action_view/renderer/template_renderer.rb:17:in `render'
  actionview (4.1.8) lib/action_view/renderer/renderer.rb:42:in `render_template'
  actionview (4.1.8) lib/action_view/renderer/renderer.rb:23:in `render'
  actionview (4.1.8) lib/action_view/rendering.rb:99:in `_render_template'
  actionpack (4.1.8) lib/action_controller/metal/streaming.rb:217:in `_render_template'
  actionview (4.1.8) lib/action_view/rendering.rb:82:in `render_to_body'
  actionpack (4.1.8) lib/action_controller/metal/rendering.rb:32:in `render_to_body'
  actionpack (4.1.8) lib/action_controller/metal/renderers.rb:32:in `render_to_body'
  actionpack (4.1.8) lib/abstract_controller/rendering.rb:25:in `render'
  actionpack (4.1.8) lib/action_controller/metal/rendering.rb:16:in `render'
  actionpack (4.1.8) lib/action_controller/metal/instrumentation.rb:41:in `block (2 levels) in render'
  activesupport (4.1.8) lib/active_support/core_ext/benchmark.rb:12:in `block in ms'
  /home/erin/.rvm/rubies/ruby-head/lib/ruby/2.2.0/benchmark.rb:303:in `realtime'
  activesupport (4.1.8) lib/active_support/core_ext/benchmark.rb:12:in `ms'
  actionpack (4.1.8) lib/action_controller/metal/instrumentation.rb:41:in `block in render'
  actionpack (4.1.8) lib/action_controller/metal/instrumentation.rb:84:in `cleanup_view_runtime'
  activerecord (4.1.8) lib/active_record/railties/controller_runtime.rb:25:in `cleanup_view_runtime'
  actionpack (4.1.8) lib/action_controller/metal/instrumentation.rb:40:in `render'
  actionpack (4.1.8) lib/action_controller/metal/implicit_render.rb:10:in `default_render'
  actionpack (4.1.8) lib/action_controller/metal/implicit_render.rb:5:in `send_action'
  actionpack (4.1.8) lib/abstract_controller/base.rb:189:in `process_action'
  actionpack (4.1.8) lib/action_controller/metal/rendering.rb:10:in `process_action'
  actionpack (4.1.8) lib/abstract_controller/callbacks.rb:20:in `block in process_action'
  activesupport (4.1.8) lib/active_support/callbacks.rb:113:in `call'
  activesupport (4.1.8) lib/active_support/callbacks.rb:113:in `call'
  activesupport (4.1.8) lib/active_support/callbacks.rb:229:in `block in halting'
  activesupport (4.1.8) lib/active_support/callbacks.rb:229:in `call'
  activesupport (4.1.8) lib/active_support/callbacks.rb:229:in `block in halting'
  activesupport (4.1.8) lib/active_support/callbacks.rb:166:in `call'
  activesupport (4.1.8) lib/active_support/callbacks.rb:166:in `block in halting'
  activesupport (4.1.8) lib/active_support/callbacks.rb:166:in `call'
  activesupport (4.1.8) lib/active_support/callbacks.rb:166:in `block in halting'
  activesupport (4.1.8) lib/active_support/callbacks.rb:166:in `call'
  activesupport (4.1.8) lib/active_support/callbacks.rb:166:in `block in halting'
  activesupport (4.1.8) lib/active_support/callbacks.rb:86:in `call'
  activesupport (4.1.8) lib/active_support/callbacks.rb:86:in `run_callbacks'
  actionpack (4.1.8) lib/abstract_controller/callbacks.rb:19:in `process_action'
  actionpack (4.1.8) lib/action_controller/metal/rescue.rb:29:in `process_action'
  actionpack (4.1.8) lib/action_controller/metal/instrumentation.rb:31:in `block in process_action'
  activesupport (4.1.8) lib/active_support/notifications.rb:159:in `block in instrument'
  activesupport (4.1.8) lib/active_support/notifications/instrumenter.rb:20:in `instrument'
  activesupport (4.1.8) lib/active_support/notifications.rb:159:in `instrument'
  actionpack (4.1.8) lib/action_controller/metal/instrumentation.rb:30:in `process_action'
  actionpack (4.1.8) lib/action_controller/metal/params_wrapper.rb:250:in `process_action'
  activerecord (4.1.8) lib/active_record/railties/controller_runtime.rb:18:in `process_action'
  actionpack (4.1.8) lib/abstract_controller/base.rb:136:in `process'
  actionview (4.1.8) lib/action_view/rendering.rb:30:in `process'
  actionpack (4.1.8) lib/action_controller/metal.rb:196:in `dispatch'
  actionpack (4.1.8) lib/action_controller/metal/rack_delegation.rb:13:in `dispatch'
  actionpack (4.1.8) lib/action_controller/metal.rb:232:in `block in action'
  actionpack (4.1.8) lib/action_dispatch/routing/route_set.rb:82:in `call'
  actionpack (4.1.8) lib/action_dispatch/routing/route_set.rb:82:in `dispatch'
  actionpack (4.1.8) lib/action_dispatch/routing/route_set.rb:50:in `call'
  actionpack (4.1.8) lib/action_dispatch/journey/router.rb:73:in `block in call'
  actionpack (4.1.8) lib/action_dispatch/journey/router.rb:59:in `each'
  actionpack (4.1.8) lib/action_dispatch/journey/router.rb:59:in `call'
  actionpack (4.1.8) lib/action_dispatch/routing/route_set.rb:678:in `call'
  rack (1.5.2) lib/rack/etag.rb:23:in `call'
  rack (1.5.2) lib/rack/conditionalget.rb:25:in `call'
  rack (1.5.2) lib/rack/head.rb:11:in `call'
  actionpack (4.1.8) lib/action_dispatch/middleware/params_parser.rb:27:in `call'
  actionpack (4.1.8) lib/action_dispatch/middleware/flash.rb:254:in `call'
  rack (1.5.2) lib/rack/session/abstract/id.rb:225:in `context'
  rack (1.5.2) lib/rack/session/abstract/id.rb:220:in `call'
  actionpack (4.1.8) lib/action_dispatch/middleware/cookies.rb:560:in `call'
  activerecord (4.1.8) lib/active_record/query_cache.rb:36:in `call'
  activerecord (4.1.8) lib/active_record/connection_adapters/abstract/connection_pool.rb:621:in `call'
  activerecord (4.1.8) lib/active_record/migration.rb:380:in `call'
  actionpack (4.1.8) lib/action_dispatch/middleware/callbacks.rb:29:in `block in call'
  activesupport (4.1.8) lib/active_support/callbacks.rb:82:in `run_callbacks'
  actionpack (4.1.8) lib/action_dispatch/middleware/callbacks.rb:27:in `call'
  actionpack (4.1.8) lib/action_dispatch/middleware/reloader.rb:73:in `call'
  actionpack (4.1.8) lib/action_dispatch/middleware/remote_ip.rb:76:in `call'
  actionpack (4.1.8) lib/action_dispatch/middleware/debug_exceptions.rb:17:in `call'
  actionpack (4.1.8) lib/action_dispatch/middleware/show_exceptions.rb:30:in `call'
  railties (4.1.8) lib/rails/rack/logger.rb:38:in `call_app'
  railties (4.1.8) lib/rails/rack/logger.rb:20:in `block in call'
  activesupport (4.1.8) lib/active_support/tagged_logging.rb:68:in `block in tagged'
  activesupport (4.1.8) lib/active_support/tagged_logging.rb:26:in `tagged'
  activesupport (4.1.8) lib/active_support/tagged_logging.rb:68:in `tagged'
  railties (4.1.8) lib/rails/rack/logger.rb:20:in `call'
  actionpack (4.1.8) lib/action_dispatch/middleware/request_id.rb:21:in `call'
  rack (1.5.2) lib/rack/methodoverride.rb:21:in `call'
  rack (1.5.2) lib/rack/runtime.rb:17:in `call'
  activesupport (4.1.8) lib/active_support/cache/strategy/local_cache_middleware.rb:26:in `call'
  rack (1.5.2) lib/rack/lock.rb:17:in `call'
  actionpack (4.1.8) lib/action_dispatch/middleware/static.rb:84:in `call'
  rack (1.5.2) lib/rack/sendfile.rb:112:in `call'
  railties (4.1.8) lib/rails/engine.rb:514:in `call'
  railties (4.1.8) lib/rails/application.rb:144:in `call'
  rack (1.5.2) lib/rack/lock.rb:17:in `call'
  rack (1.5.2) lib/rack/content_length.rb:14:in `call'
  rack (1.5.2) lib/rack/handler/webrick.rb:60:in `service'
  /home/erin/.rvm/rubies/ruby-head/lib/ruby/2.2.0/webrick/httpserver.rb:138:in `service'
  /home/erin/.rvm/rubies/ruby-head/lib/ruby/2.2.0/webrick/httpserver.rb:94:in `run'
  /home/erin/.rvm/rubies/ruby-head/lib/ruby/2.2.0/webrick/server.rb:294:in `block in start_thread'




Started GET "/" for 192.168.1.20 at 2015-01-07 13:09:09 -0200
  [1m[36mActiveRecord::SchemaMigration Load (0.3ms)[0m  [1mSELECT "schema_migrations".* FROM "schema_migrations"[0m
Processing by WelcomeController#index as HTML
  Rendered welcome/index.html.erb within layouts/application (2.6ms)
Completed 200 OK in 160ms (Views: 130.4ms | ActiveRecord: 0.0ms)


Started GET "/assets/welcome.css?body=1" for 192.168.1.20 at 2015-01-07 13:09:10 -0200


Started GET "/assets/application.css?body=1" for 192.168.1.20 at 2015-01-07 13:09:10 -0200


Started GET "/assets/jquery.js?body=1" for 192.168.1.20 at 2015-01-07 13:09:10 -0200


Started GET "/assets/jquery_ujs.js?body=1" for 192.168.1.20 at 2015-01-07 13:09:10 -0200


Started GET "/assets/turbolinks.js?body=1" for 192.168.1.20 at 2015-01-07 13:09:10 -0200


Started GET "/assets/welcome.js?body=1" for 192.168.1.20 at 2015-01-07 13:09:10 -0200


Started GET "/assets/application.js?body=1" for 192.168.1.20 at 2015-01-07 13:09:10 -0200


Started GET "/" for 189.33.146.181 at 2015-01-07 13:09:10 -0200
Processing by WelcomeController#index as HTML
  Rendered welcome/index.html.erb within layouts/application (0.1ms)
Completed 200 OK in 57ms (Views: 56.3ms | ActiveRecord: 0.0ms)


Started GET "/assets/welcome.css?body=1" for 189.33.146.181 at 2015-01-07 13:09:10 -0200


Started GET "/assets/application.css?body=1" for 189.33.146.181 at 2015-01-07 13:09:10 -0200


Started GET "/assets/jquery.js?body=1" for 189.33.146.181 at 2015-01-07 13:09:10 -0200


Started GET "/assets/jquery_ujs.js?body=1" for 189.33.146.181 at 2015-01-07 13:09:10 -0200


Started GET "/assets/turbolinks.js?body=1" for 189.33.146.181 at 2015-01-07 13:09:10 -0200


Started GET "/assets/welcome.js?body=1" for 189.33.146.181 at 2015-01-07 13:09:10 -0200


Started GET "/assets/application.js?body=1" for 189.33.146.181 at 2015-01-07 13:09:11 -0200


Started GET "/get/17" for 189.33.146.181 at 2015-01-07 13:09:26 -0200
  [1m[36mActiveRecord::SchemaMigration Load (0.3ms)[0m  [1mSELECT "schema_migrations".* FROM "schema_migrations"[0m

ActionController::RoutingError (No route matches [GET] "/get/17"):
  actionpack (4.1.8) lib/action_dispatch/middleware/debug_exceptions.rb:21:in `call'
  actionpack (4.1.8) lib/action_dispatch/middleware/show_exceptions.rb:30:in `call'
  railties (4.1.8) lib/rails/rack/logger.rb:38:in `call_app'
  railties (4.1.8) lib/rails/rack/logger.rb:20:in `block in call'
  activesupport (4.1.8) lib/active_support/tagged_logging.rb:68:in `block in tagged'
  activesupport (4.1.8) lib/active_support/tagged_logging.rb:26:in `tagged'
  activesupport (4.1.8) lib/active_support/tagged_logging.rb:68:in `tagged'
  railties (4.1.8) lib/rails/rack/logger.rb:20:in `call'
  actionpack (4.1.8) lib/action_dispatch/middleware/request_id.rb:21:in `call'
  rack (1.5.2) lib/rack/methodoverride.rb:21:in `call'
  rack (1.5.2) lib/rack/runtime.rb:17:in `call'
  activesupport (4.1.8) lib/active_support/cache/strategy/local_cache_middleware.rb:26:in `call'
  rack (1.5.2) lib/rack/lock.rb:17:in `call'
  actionpack (4.1.8) lib/action_dispatch/middleware/static.rb:84:in `call'
  rack (1.5.2) lib/rack/sendfile.rb:112:in `call'
  railties (4.1.8) lib/rails/engine.rb:514:in `call'
  railties (4.1.8) lib/rails/application.rb:144:in `call'
  rack (1.5.2) lib/rack/lock.rb:17:in `call'
  rack (1.5.2) lib/rack/content_length.rb:14:in `call'
  rack (1.5.2) lib/rack/handler/webrick.rb:60:in `service'
  /home/erin/.rvm/rubies/ruby-head/lib/ruby/2.2.0/webrick/httpserver.rb:138:in `service'
  /home/erin/.rvm/rubies/ruby-head/lib/ruby/2.2.0/webrick/httpserver.rb:94:in `run'
  /home/erin/.rvm/rubies/ruby-head/lib/ruby/2.2.0/webrick/server.rb:294:in `block in start_thread'


  Rendered /home/erin/.rvm/gems/ruby-head/gems/actionpack-4.1.8/lib/action_dispatch/middleware/templates/rescues/_trace.html.erb (2.6ms)
  Rendered /home/erin/.rvm/gems/ruby-head/gems/actionpack-4.1.8/lib/action_dispatch/middleware/templates/routes/_route.html.erb (2.1ms)
  Rendered /home/erin/.rvm/gems/ruby-head/gems/actionpack-4.1.8/lib/action_dispatch/middleware/templates/routes/_table.html.erb (24.6ms)
  Rendered /home/erin/.rvm/gems/ruby-head/gems/actionpack-4.1.8/lib/action_dispatch/middleware/templates/rescues/routing_error.html.erb within rescues/layout (83.5ms)


Started GET "/post" for 189.33.146.181 at 2015-01-07 13:09:41 -0200

ActionController::RoutingError (No route matches [GET] "/post"):
  actionpack (4.1.8) lib/action_dispatch/middleware/debug_exceptions.rb:21:in `call'
  actionpack (4.1.8) lib/action_dispatch/middleware/show_exceptions.rb:30:in `call'
  railties (4.1.8) lib/rails/rack/logger.rb:38:in `call_app'
  railties (4.1.8) lib/rails/rack/logger.rb:20:in `block in call'
  activesupport (4.1.8) lib/active_support/tagged_logging.rb:68:in `block in tagged'
  activesupport (4.1.8) lib/active_support/tagged_logging.rb:26:in `tagged'
  activesupport (4.1.8) lib/active_support/tagged_logging.rb:68:in `tagged'
  railties (4.1.8) lib/rails/rack/logger.rb:20:in `call'
  actionpack (4.1.8) lib/action_dispatch/middleware/request_id.rb:21:in `call'
  rack (1.5.2) lib/rack/methodoverride.rb:21:in `call'
  rack (1.5.2) lib/rack/runtime.rb:17:in `call'
  activesupport (4.1.8) lib/active_support/cache/strategy/local_cache_middleware.rb:26:in `call'
  rack (1.5.2) lib/rack/lock.rb:17:in `call'
  actionpack (4.1.8) lib/action_dispatch/middleware/static.rb:84:in `call'
  rack (1.5.2) lib/rack/sendfile.rb:112:in `call'
  railties (4.1.8) lib/rails/engine.rb:514:in `call'
  railties (4.1.8) lib/rails/application.rb:144:in `call'
  rack (1.5.2) lib/rack/lock.rb:17:in `call'
  rack (1.5.2) lib/rack/content_length.rb:14:in `call'
  rack (1.5.2) lib/rack/handler/webrick.rb:60:in `service'
  /home/erin/.rvm/rubies/ruby-head/lib/ruby/2.2.0/webrick/httpserver.rb:138:in `service'
  /home/erin/.rvm/rubies/ruby-head/lib/ruby/2.2.0/webrick/httpserver.rb:94:in `run'
  /home/erin/.rvm/rubies/ruby-head/lib/ruby/2.2.0/webrick/server.rb:294:in `block in start_thread'


  Rendered /home/erin/.rvm/gems/ruby-head/gems/actionpack-4.1.8/lib/action_dispatch/middleware/templates/rescues/_trace.html.erb (2.2ms)
  Rendered /home/erin/.rvm/gems/ruby-head/gems/actionpack-4.1.8/lib/action_dispatch/middleware/templates/routes/_route.html.erb (1.8ms)
  Rendered /home/erin/.rvm/gems/ruby-head/gems/actionpack-4.1.8/lib/action_dispatch/middleware/templates/routes/_table.html.erb (2.2ms)
  Rendered /home/erin/.rvm/gems/ruby-head/gems/actionpack-4.1.8/lib/action_dispatch/middleware/templates/rescues/routing_error.html.erb within rescues/layout (29.3ms)


Started GET "/welcome/ind" for 192.168.1.20 at 2015-01-07 13:18:00 -0200

ActionController::RoutingError (No route matches [GET] "/welcome/ind"):
  actionpack (4.1.8) lib/action_dispatch/middleware/debug_exceptions.rb:21:in `call'
  actionpack (4.1.8) lib/action_dispatch/middleware/show_exceptions.rb:30:in `call'
  railties (4.1.8) lib/rails/rack/logger.rb:38:in `call_app'
  railties (4.1.8) lib/rails/rack/logger.rb:20:in `block in call'
  activesupport (4.1.8) lib/active_support/tagged_logging.rb:68:in `block in tagged'
  activesupport (4.1.8) lib/active_support/tagged_logging.rb:26:in `tagged'
  activesupport (4.1.8) lib/active_support/tagged_logging.rb:68:in `tagged'
  railties (4.1.8) lib/rails/rack/logger.rb:20:in `call'
  actionpack (4.1.8) lib/action_dispatch/middleware/request_id.rb:21:in `call'
  rack (1.5.2) lib/rack/methodoverride.rb:21:in `call'
  rack (1.5.2) lib/rack/runtime.rb:17:in `call'
  activesupport (4.1.8) lib/active_support/cache/strategy/local_cache_middleware.rb:26:in `call'
  rack (1.5.2) lib/rack/lock.rb:17:in `call'
  actionpack (4.1.8) lib/action_dispatch/middleware/static.rb:84:in `call'
  rack (1.5.2) lib/rack/sendfile.rb:112:in `call'
  railties (4.1.8) lib/rails/engine.rb:514:in `call'
  railties (4.1.8) lib/rails/application.rb:144:in `call'
  rack (1.5.2) lib/rack/lock.rb:17:in `call'
  rack (1.5.2) lib/rack/content_length.rb:14:in `call'
  rack (1.5.2) lib/rack/handler/webrick.rb:60:in `service'
  /home/erin/.rvm/rubies/ruby-head/lib/ruby/2.2.0/webrick/httpserver.rb:138:in `service'
  /home/erin/.rvm/rubies/ruby-head/lib/ruby/2.2.0/webrick/httpserver.rb:94:in `run'
  /home/erin/.rvm/rubies/ruby-head/lib/ruby/2.2.0/webrick/server.rb:294:in `block in start_thread'


  Rendered /home/erin/.rvm/gems/ruby-head/gems/actionpack-4.1.8/lib/action_dispatch/middleware/templates/rescues/_trace.html.erb (2.0ms)
  Rendered /home/erin/.rvm/gems/ruby-head/gems/actionpack-4.1.8/lib/action_dispatch/middleware/templates/routes/_route.html.erb (1.5ms)
  Rendered /home/erin/.rvm/gems/ruby-head/gems/actionpack-4.1.8/lib/action_dispatch/middleware/templates/routes/_table.html.erb (2.0ms)
  Rendered /home/erin/.rvm/gems/ruby-head/gems/actionpack-4.1.8/lib/action_dispatch/middleware/templates/rescues/routing_error.html.erb within rescues/layout (27.8ms)


Started GET "/welcome/index" for 192.168.1.20 at 2015-01-07 13:18:02 -0200
Processing by WelcomeController#index as HTML
  Rendered welcome/index.html.erb within layouts/application (0.7ms)
Completed 200 OK in 119ms (Views: 89.7ms | ActiveRecord: 0.0ms)


Started GET "/assets/welcome.css?body=1" for 192.168.1.20 at 2015-01-07 13:18:02 -0200


Started GET "/assets/application.css?body=1" for 192.168.1.20 at 2015-01-07 13:18:02 -0200


Started GET "/assets/jquery.js?body=1" for 192.168.1.20 at 2015-01-07 13:18:02 -0200


Started GET "/assets/jquery_ujs.js?body=1" for 192.168.1.20 at 2015-01-07 13:18:02 -0200


Started GET "/assets/turbolinks.js?body=1" for 192.168.1.20 at 2015-01-07 13:18:02 -0200


Started GET "/assets/welcome.js?body=1" for 192.168.1.20 at 2015-01-07 13:18:02 -0200


Started GET "/assets/application.js?body=1" for 192.168.1.20 at 2015-01-07 13:18:02 -0200


Started GET "/layouts/main" for 192.168.1.20 at 2015-01-07 13:18:41 -0200

ActionController::RoutingError (No route matches [GET] "/layouts/main"):
  actionpack (4.1.8) lib/action_dispatch/middleware/debug_exceptions.rb:21:in `call'
  actionpack (4.1.8) lib/action_dispatch/middleware/show_exceptions.rb:30:in `call'
  railties (4.1.8) lib/rails/rack/logger.rb:38:in `call_app'
  railties (4.1.8) lib/rails/rack/logger.rb:20:in `block in call'
  activesupport (4.1.8) lib/active_support/tagged_logging.rb:68:in `block in tagged'
  activesupport (4.1.8) lib/active_support/tagged_logging.rb:26:in `tagged'
  activesupport (4.1.8) lib/active_support/tagged_logging.rb:68:in `tagged'
  railties (4.1.8) lib/rails/rack/logger.rb:20:in `call'
  actionpack (4.1.8) lib/action_dispatch/middleware/request_id.rb:21:in `call'
  rack (1.5.2) lib/rack/methodoverride.rb:21:in `call'
  rack (1.5.2) lib/rack/runtime.rb:17:in `call'
  activesupport (4.1.8) lib/active_support/cache/strategy/local_cache_middleware.rb:26:in `call'
  rack (1.5.2) lib/rack/lock.rb:17:in `call'
  actionpack (4.1.8) lib/action_dispatch/middleware/static.rb:84:in `call'
  rack (1.5.2) lib/rack/sendfile.rb:112:in `call'
  railties (4.1.8) lib/rails/engine.rb:514:in `call'
  railties (4.1.8) lib/rails/application.rb:144:in `call'
  rack (1.5.2) lib/rack/lock.rb:17:in `call'
  rack (1.5.2) lib/rack/content_length.rb:14:in `call'
  rack (1.5.2) lib/rack/handler/webrick.rb:60:in `service'
  /home/erin/.rvm/rubies/ruby-head/lib/ruby/2.2.0/webrick/httpserver.rb:138:in `service'
  /home/erin/.rvm/rubies/ruby-head/lib/ruby/2.2.0/webrick/httpserver.rb:94:in `run'
  /home/erin/.rvm/rubies/ruby-head/lib/ruby/2.2.0/webrick/server.rb:294:in `block in start_thread'


  Rendered /home/erin/.rvm/gems/ruby-head/gems/actionpack-4.1.8/lib/action_dispatch/middleware/templates/rescues/_trace.html.erb (2.1ms)
  Rendered /home/erin/.rvm/gems/ruby-head/gems/actionpack-4.1.8/lib/action_dispatch/middleware/templates/routes/_route.html.erb (1.6ms)
  Rendered /home/erin/.rvm/gems/ruby-head/gems/actionpack-4.1.8/lib/action_dispatch/middleware/templates/routes/_table.html.erb (2.0ms)
  Rendered /home/erin/.rvm/gems/ruby-head/gems/actionpack-4.1.8/lib/action_dispatch/middleware/templates/rescues/routing_error.html.erb within rescues/layout (28.0ms)


Started GET "/blog" for 189.33.146.181 at 2015-01-07 13:22:19 -0200

ActionController::RoutingError (No route matches [GET] "/blog"):
  actionpack (4.1.8) lib/action_dispatch/middleware/debug_exceptions.rb:21:in `call'
  actionpack (4.1.8) lib/action_dispatch/middleware/show_exceptions.rb:30:in `call'
  railties (4.1.8) lib/rails/rack/logger.rb:38:in `call_app'
  railties (4.1.8) lib/rails/rack/logger.rb:20:in `block in call'
  activesupport (4.1.8) lib/active_support/tagged_logging.rb:68:in `block in tagged'
  activesupport (4.1.8) lib/active_support/tagged_logging.rb:26:in `tagged'
  activesupport (4.1.8) lib/active_support/tagged_logging.rb:68:in `tagged'
  railties (4.1.8) lib/rails/rack/logger.rb:20:in `call'
  actionpack (4.1.8) lib/action_dispatch/middleware/request_id.rb:21:in `call'
  rack (1.5.2) lib/rack/methodoverride.rb:21:in `call'
  rack (1.5.2) lib/rack/runtime.rb:17:in `call'
  activesupport (4.1.8) lib/active_support/cache/strategy/local_cache_middleware.rb:26:in `call'
  rack (1.5.2) lib/rack/lock.rb:17:in `call'
  actionpack (4.1.8) lib/action_dispatch/middleware/static.rb:84:in `call'
  rack (1.5.2) lib/rack/sendfile.rb:112:in `call'
  railties (4.1.8) lib/rails/engine.rb:514:in `call'
  railties (4.1.8) lib/rails/application.rb:144:in `call'
  rack (1.5.2) lib/rack/lock.rb:17:in `call'
  rack (1.5.2) lib/rack/content_length.rb:14:in `call'
  rack (1.5.2) lib/rack/handler/webrick.rb:60:in `service'
  /home/erin/.rvm/rubies/ruby-head/lib/ruby/2.2.0/webrick/httpserver.rb:138:in `service'
  /home/erin/.rvm/rubies/ruby-head/lib/ruby/2.2.0/webrick/httpserver.rb:94:in `run'
  /home/erin/.rvm/rubies/ruby-head/lib/ruby/2.2.0/webrick/server.rb:294:in `block in start_thread'


  Rendered /home/erin/.rvm/gems/ruby-head/gems/actionpack-4.1.8/lib/action_dispatch/middleware/templates/rescues/_trace.html.erb (2.1ms)
  Rendered /home/erin/.rvm/gems/ruby-head/gems/actionpack-4.1.8/lib/action_dispatch/middleware/templates/routes/_route.html.erb (1.5ms)
  Rendered /home/erin/.rvm/gems/ruby-head/gems/actionpack-4.1.8/lib/action_dispatch/middleware/templates/routes/_table.html.erb (1.9ms)
  Rendered /home/erin/.rvm/gems/ruby-head/gems/actionpack-4.1.8/lib/action_dispatch/middleware/templates/rescues/routing_error.html.erb within rescues/layout (28.3ms)
